<?xml version="1.0" encoding="UTF-8"?>
<testng-results skipped="0" failed="0" ignored="0" total="1" passed="1">
  <reporter-output>
  </reporter-output>
  <suite name="Default suite" duration-ms="719" started-at="2018-04-01T13:51:21Z" finished-at="2018-04-01T13:51:22Z">
    <groups>
    </groups>
    <test name="Default test" duration-ms="719" started-at="2018-04-01T13:51:21Z" finished-at="2018-04-01T13:51:22Z">
      <class name="coincola.webtest.cases.NewTest">
        <test-method status="PASS" signature="beforeClass()[pri:0, instance:coincola.webtest.cases.NewTest@754ba872]" name="beforeClass" is-config="true" duration-ms="7" started-at="2018-04-01T21:51:21Z" finished-at="2018-04-01T21:51:21Z">
          <reporter-output>
          </reporter-output>
        </test-method> <!-- beforeClass -->
        <test-method status="PASS" signature="test()[pri:0, instance:coincola.webtest.cases.NewTest@754ba872]" name="test" duration-ms="697" started-at="2018-04-01T21:51:21Z" finished-at="2018-04-01T21:51:22Z">
          <reporter-output>
          </reporter-output>
        </test-method> <!-- test -->
        <test-method status="PASS" signature="afterClass()[pri:0, instance:coincola.webtest.cases.NewTest@754ba872]" name="afterClass" is-config="true" duration-ms="0" started-at="2018-04-01T21:51:22Z" finished-at="2018-04-01T21:51:22Z">
          <reporter-output>
          </reporter-output>
        </test-method> <!-- afterClass -->
      </class> <!-- coincola.webtest.cases.NewTest -->
    </test> <!-- Default test -->
  </suite> <!-- Default suite -->
</testng-results>
