<?xml version="1.0" encoding="UTF-8"?>
<testng-results skipped="0" failed="0" ignored="0" total="1" passed="1">
  <reporter-output>
  </reporter-output>
  <suite name="Default suite" duration-ms="12528" started-at="2018-04-01T02:44:24Z" finished-at="2018-04-01T02:44:37Z">
    <groups>
    </groups>
    <test name="Default test" duration-ms="12528" started-at="2018-04-01T02:44:24Z" finished-at="2018-04-01T02:44:37Z">
      <class name="coincola.webtest.cases.NewTest">
        <test-method status="PASS" signature="beforeClass()[pri:0, instance:coincola.webtest.cases.NewTest@1a968a59]" name="beforeClass" is-config="true" duration-ms="11567" started-at="2018-04-01T10:44:24Z" finished-at="2018-04-01T10:44:36Z">
          <reporter-output>
          </reporter-output>
        </test-method> <!-- beforeClass -->
        <test-method status="PASS" signature="test()[pri:0, instance:coincola.webtest.cases.NewTest@1a968a59]" name="test" duration-ms="8" started-at="2018-04-01T10:44:36Z" finished-at="2018-04-01T10:44:36Z">
          <reporter-output>
          </reporter-output>
        </test-method> <!-- test -->
        <test-method status="PASS" signature="afterClass()[pri:0, instance:coincola.webtest.cases.NewTest@1a968a59]" name="afterClass" is-config="true" duration-ms="933" started-at="2018-04-01T10:44:36Z" finished-at="2018-04-01T10:44:37Z">
          <reporter-output>
          </reporter-output>
        </test-method> <!-- afterClass -->
      </class> <!-- coincola.webtest.cases.NewTest -->
    </test> <!-- Default test -->
  </suite> <!-- Default suite -->
</testng-results>
